[debug] [2022-09-27T05:39:30.737Z] ----------------------------------------------------------------------
[debug] [2022-09-27T05:39:30.740Z] Command:       C:\Program Files\nodejs\node.exe C:\Users\DEEP\AppData\Roaming\npm\node_modules\firebase-tools\lib\bin\firebase.js init
[debug] [2022-09-27T05:39:30.740Z] CLI Version:   10.9.2
[debug] [2022-09-27T05:39:30.740Z] Platform:      win32
[debug] [2022-09-27T05:39:30.740Z] Node Version:  v16.15.0
[debug] [2022-09-27T05:39:30.746Z] Time:          Tue Sep 27 2022 11:09:30 GMT+0530 (India Standard Time)
[debug] [2022-09-27T05:39:30.746Z] ----------------------------------------------------------------------
[debug] 
[debug] [2022-09-27T05:39:30.753Z] >>> [apiv2][query] GET https://firebase-public.firebaseio.com/cli.json [none]
[debug] [2022-09-27T05:39:30.900Z] > command requires scopes: ["email","openid","https://www.googleapis.com/auth/cloudplatformprojects.readonly","https://www.googleapis.com/auth/firebase","https://www.googleapis.com/auth/cloud-platform"]
[debug] [2022-09-27T05:39:30.900Z] > authorizing via signed-in user (pansheriyadipak210@gmail.com)
[info] 
     ######## #### ########  ######## ########     ###     ######  ########
     ##        ##  ##     ## ##       ##     ##  ##   ##  ##       ##
     ######    ##  ########  ######   ########  #########  ######  ######
     ##        ##  ##    ##  ##       ##     ## ##     ##       ## ##
     ##       #### ##     ## ######## ########  ##     ##  ######  ########

You're about to initialize a Firebase project in this directory:

  D:\Angular\deep\firebase\firebase

Before we get started, keep in mind:

  * You are initializing within an existing Firebase project directory

[debug] [2022-09-27T05:39:31.575Z] <<< [apiv2][status] GET https://firebase-public.firebaseio.com/cli.json 200
[debug] [2022-09-27T05:39:31.576Z] <<< [apiv2][body] GET https://firebase-public.firebaseio.com/cli.json {"cloudBuildErrorAfter":1594252800000,"cloudBuildWarnAfter":1590019200000,"defaultNode10After":1594252800000,"minVersion":"3.0.5","node8DeploysDisabledAfter":1613390400000,"node8RuntimeDisabledAfter":1615809600000,"node8WarnAfter":1600128000000}
